2025-06-20 13:30:25,610 - INFO - Подключение к базе данных успешно
2025-06-20 13:30:25,700 - INFO - Загружены данные расписания
2025-06-20 13:30:25,723 - INFO - Открыто окно расписания
2025-06-20 13:30:27,244 - INFO - Подключение к базе данных успешно
2025-06-20 13:30:27,446 - INFO - Подключение к базе данных успешно
2025-06-20 13:30:27,673 - INFO - Подключение к базе данных успешно
2025-06-20 13:30:27,784 - INFO - Подключение к базе данных успешно
2025-06-20 13:30:33,731 - INFO - Подключение к базе данных успешно
2025-06-20 13:30:33,751 - ERROR - Ошибка добавления расписания: ОШИБКА:  неверный синтаксис для типа timestamp: "2025-06-21 HH:mm:ss"
LINE 4:                     VALUES (5, 5, 7, 5, '2025-06-21 HH:mm:ss...
                                                ^

2025-06-20 13:33:31,258 - INFO - Подключение к базе данных успешно
2025-06-20 13:33:31,338 - INFO - Загружены данные расписания
2025-06-20 13:33:31,360 - INFO - Открыто окно расписания
2025-06-20 13:33:32,618 - INFO - Подключение к базе данных успешно
2025-06-20 13:33:32,730 - INFO - Подключение к базе данных успешно
2025-06-20 13:33:32,859 - INFO - Подключение к базе данных успешно
2025-06-20 13:33:32,969 - INFO - Подключение к базе данных успешно
2025-06-20 13:33:48,147 - INFO - Подключение к базе данных успешно
2025-06-20 13:33:48,169 - ERROR - Ошибка добавления расписания: ОШИБКА:  неверный синтаксис для типа timestamp: "2025-06-20 HH:mm:ss"
LINE 4:                     VALUES (5, 5, 7, 5, '2025-06-20 HH:mm:ss...
                                                ^

2025-06-20 13:35:00,678 - INFO - Подключение к базе данных успешно
2025-06-20 13:35:00,755 - INFO - Загружены данные расписания
2025-06-20 13:35:00,775 - INFO - Открыто окно расписания
2025-06-20 13:35:03,105 - INFO - Подключение к базе данных успешно
2025-06-20 13:35:03,399 - INFO - Подключение к базе данных успешно
2025-06-20 13:35:03,528 - INFO - Подключение к базе данных успешно
2025-06-20 13:35:03,637 - INFO - Подключение к базе данных успешно
2025-06-20 13:35:10,436 - INFO - Подключение к базе данных успешно
2025-06-20 13:35:10,450 - ERROR - Ошибка добавления расписания: ОШИБКА:  неверный синтаксис для типа timestamp: "2025-06-20 HH:mm:ss"
LINE 4:                     VALUES (5, 5, 7, 5, '2025-06-20 HH:mm:ss...
                                                ^

2025-06-20 13:36:26,259 - INFO - Подключение к базе данных успешно
2025-06-20 13:36:26,305 - INFO - Загружены данные расписания
2025-06-20 13:36:26,323 - INFO - Открыто окно расписания
2025-06-20 13:36:28,253 - INFO - Подключение к базе данных успешно
2025-06-20 13:36:28,433 - INFO - Подключение к базе данных успешно
2025-06-20 13:36:28,544 - INFO - Подключение к базе данных успешно
2025-06-20 13:36:28,648 - INFO - Подключение к базе данных успешно
2025-06-20 13:36:29,779 - INFO - Подключение к базе данных успешно
2025-06-20 13:36:29,792 - ERROR - Ошибка добавления расписания: ОШИБКА:  неверный синтаксис для типа timestamp: "2025-06-20 HH:mm:ss"
LINE 4:                     VALUES (5, 5, 7, 5, '2025-06-20 HH:mm:ss...
                                                ^

2025-06-20 13:37:18,064 - INFO - Подключение к базе данных успешно
2025-06-20 13:37:18,136 - INFO - Загружены данные расписания
2025-06-20 13:37:18,163 - INFO - Открыто окно расписания
2025-06-20 13:37:19,843 - INFO - Подключение к базе данных успешно
2025-06-20 13:37:19,948 - INFO - Подключение к базе данных успешно
2025-06-20 13:37:20,053 - INFO - Подключение к базе данных успешно
2025-06-20 13:37:20,153 - INFO - Подключение к базе данных успешно
2025-06-20 13:37:24,783 - INFO - Подключение к базе данных успешно
2025-06-20 13:37:24,842 - ERROR - Ошибка добавления расписания: ОШИБКА:  Время окончания должно быть в диапазоне 09:30-22:30. Текущее время: 00:00:00
CONTEXT:  функция PL/pgSQL validate_end_time(), строка 26, оператор RAISE

2025-06-20 13:44:46,253 - INFO - Подключение к базе данных успешно
2025-06-20 13:44:46,358 - INFO - Подключение к базе данных успешно
2025-06-20 13:44:46,455 - INFO - Подключение к базе данных успешно
2025-06-20 13:44:46,555 - INFO - Подключение к базе данных успешно
2025-06-20 13:45:08,940 - INFO - Подключение к базе данных успешно
2025-06-20 13:45:08,977 - ERROR - Ошибка добавления расписания: ОШИБКА:  Время окончания должно быть в диапазоне 09:30-22:30. Текущее время: 00:00:00
CONTEXT:  функция PL/pgSQL validate_end_time(), строка 26, оператор RAISE

2025-06-20 13:45:14,208 - INFO - Подключение к базе данных успешно
2025-06-20 13:45:14,308 - INFO - Подключение к базе данных успешно
2025-06-20 13:45:14,409 - INFO - Подключение к базе данных успешно
2025-06-20 13:45:14,514 - INFO - Подключение к базе данных успешно
2025-06-20 13:45:23,626 - INFO - Подключение к базе данных успешно
2025-06-20 13:45:23,638 - ERROR - Ошибка добавления расписания: ОШИБКА:  Время окончания должно быть в диапазоне 09:30-22:30. Текущее время: 09:00:00
CONTEXT:  функция PL/pgSQL validate_end_time(), строка 26, оператор RAISE

2025-06-20 13:45:26,153 - INFO - Подключение к базе данных успешно
2025-06-20 13:45:26,250 - INFO - Подключение к базе данных успешно
2025-06-20 13:45:26,349 - INFO - Подключение к базе данных успешно
2025-06-20 13:45:26,450 - INFO - Подключение к базе данных успешно
2025-06-20 13:45:34,775 - INFO - Подключение к базе данных успешно
2025-06-20 13:45:34,787 - ERROR - Ошибка добавления расписания: ОШИБКА:  Время окончания (11:20:00) должно быть позже времени начала (12:00:00)
CONTEXT:  функция PL/pgSQL validate_end_time(), строка 43, оператор RAISE

2025-06-20 13:45:37,801 - INFO - Подключение к базе данных успешно
2025-06-20 13:45:37,894 - INFO - Подключение к базе данных успешно
2025-06-20 13:45:37,990 - INFO - Подключение к базе данных успешно
2025-06-20 13:45:38,100 - INFO - Подключение к базе данных успешно
2025-06-20 13:47:02,668 - INFO - Подключение к базе данных успешно
2025-06-20 13:47:02,896 - INFO - Подключение к базе данных успешно
2025-06-20 13:47:02,911 - INFO - Загружены данные расписания
2025-06-20 13:47:02,912 - INFO - Добавлена запись в расписание
2025-06-20 13:47:16,754 - INFO - Подключение к базе данных успешно
2025-06-20 13:47:16,965 - INFO - Подключение к базе данных успешно
2025-06-20 13:47:17,165 - INFO - Подключение к базе данных успешно
2025-06-20 13:47:17,268 - INFO - Подключение к базе данных успешно
2025-06-20 13:47:17,375 - INFO - Подключение к базе данных успешно
2025-06-20 13:47:35,609 - INFO - Подключение к базе данных успешно
2025-06-20 13:47:35,623 - ERROR - Ошибка редактирования расписания: ОШИБКА:  Время окончания должно быть в диапазоне 09:30-22:30. Текущее время: 00:00:00
CONTEXT:  функция PL/pgSQL validate_end_time(), строка 26, оператор RAISE

2025-06-20 13:48:33,606 - INFO - Подключение к базе данных успешно
2025-06-20 13:48:33,706 - INFO - Подключение к базе данных успешно
2025-06-20 13:48:33,804 - INFO - Подключение к базе данных успешно
2025-06-20 13:48:33,906 - INFO - Подключение к базе данных успешно
2025-06-20 13:48:37,373 - INFO - Подключение к базе данных успешно
2025-06-20 13:48:37,599 - INFO - Подключение к базе данных успешно
2025-06-20 13:48:37,702 - INFO - Подключение к базе данных успешно
2025-06-20 13:48:37,798 - INFO - Подключение к базе данных успешно
2025-06-20 13:48:37,908 - INFO - Подключение к базе данных успешно
2025-06-20 14:04:02,404 - INFO - Подключение к базе данных успешно
2025-06-20 14:04:02,474 - INFO - Загружены данные расписания сессии
2025-06-20 14:04:02,500 - INFO - Открыто окно расписания сессий
2025-06-20 14:04:04,125 - INFO - Подключение к базе данных успешно
2025-06-20 14:04:04,225 - INFO - Подключение к базе данных успешно
2025-06-20 14:04:04,333 - INFO - Подключение к базе данных успешно
2025-06-20 14:04:11,440 - INFO - Подключение к базе данных успешно
2025-06-20 14:04:11,495 - ERROR - Ошибка добавления расписания сессии: ОШИБКА:  Время начала должно быть в диапазоне 08:00-21:00. Текущее время: 00:00:00
CONTEXT:  функция PL/pgSQL validate_start_datetime(), строка 22, оператор RAISE

